hcmobile/hcmobile/ListViewAnimations-core/build/outputs/logs/manifest-merger-debug-report.txt
-- Merging decision tree log ---
manifest
ADDED from hcmobile\ListViewAnimations-core\AndroidManifest.xml:17:1-22:12
INJECTED from hcmobile\ListViewAnimations-core\AndroidManifest.xml:17:1-22:12
INJECTED from hcmobile\ListViewAnimations-core\AndroidManifest.xml:17:1-22:12
	package
		ADDED from hcmobile\ListViewAnimations-core\AndroidManifest.xml:17:11-52
		INJECTED from hcmobile\ListViewAnimations-core\AndroidManifest.xml
		INJECTED from hcmobile\ListViewAnimations-core\AndroidManifest.xml
	xmlns:android
		ADDED from hcmobile\ListViewAnimations-core\AndroidManifest.xml:17:53-111
application
ADDED from hcmobile\ListViewAnimations-core\AndroidManifest.xml:19:5-20:19
	android:allowBackup
		ADDED from hcmobile\ListViewAnimations-core\AndroidManifest.xml:19:18-44